<?xml version="1.0" encoding="UTF-8"?>
<!-- Generated by org.testng.reporters.JUnitReportReporter -->
<testsuite hostname="DESKTOP-QE8JV9H" failures="0" tests="1" name="com.test.ExcelReaderDemo" time="3.157" errors="0" timestamp="2022-01-05T03:55:25 GMT-08:00" skipped="0">
  <testcase classname="com.test.ExcelReaderDemo" name="Test" time="3.157"/>
  <system-out/>
</testsuite> <!-- com.test.ExcelReaderDemo -->
