<?xml version="1.0" encoding="UTF-8"?>
<!-- Generated by org.testng.reporters.JUnitReportReporter -->
<testsuite hostname="DESKTOP-QE8JV9H" failures="0" tests="1" name="com.test.demo" time="0.041" errors="0" timestamp="2022-01-05T05:01:59 GMT-08:00" skipped="0">
  <testcase classname="com.test.demo" name="MainTest" time="0.041"/>
  <system-out/>
</testsuite> <!-- com.test.demo -->
